<?xml version="1.0" encoding="UTF-8"?>
<!-- Generated by org.testng.reporters.JUnitReportReporter -->
<testsuite hostname="Mukesh" name="unitTest.TestReport" tests="1" failures="0" timestamp="22 Apr 2017 05:17:05 GMT" time="2.082" errors="0">
  <testcase name="TestReport1" time="2.082" classname="unitTest.TestReport"/>
</testsuite> <!-- unitTest.TestReport -->
