<?xml version="1.0" encoding="UTF-8"?>
<!-- Generated by org.testng.reporters.JUnitReportReporter -->
<testsuite hostname="Mukesh" name="utility.Helper" tests="1" failures="0" timestamp="22 Apr 2017 05:31:23 GMT" time="0.198" errors="0">
  <testcase name="getCurrentTime" time="0.198" classname="utility.Helper"/>
</testsuite> <!-- utility.Helper -->
