<?xml version="1.0" encoding="UTF-8"?>
<!-- Generated by org.testng.reporters.JUnitReportReporter -->
<testsuite hostname="Mukesh" name="datadriven.DDF1" tests="3" failures="0" timestamp="15 Apr 2017 05:01:23 GMT" time="0.063" errors="0">
  <testcase name="loginApp" time="0.048" classname="datadriven.DDF1"/>
  <testcase name="loginApp" time="0.010" classname="datadriven.DDF1"/>
  <testcase name="loginApp" time="0.005" classname="datadriven.DDF1"/>
</testsuite> <!-- datadriven.DDF1 -->
