<?xml version="1.0" encoding="UTF-8"?>
<!-- Generated by org.testng.reporters.JUnitReportReporter -->
<testsuite hostname="Mukesh" name="datadriven.DDF2" tests="3" failures="0" timestamp="15 Apr 2017 05:05:58 GMT" time="56.448" errors="0">
  <testcase name="loginApp" time="24.874" classname="datadriven.DDF2"/>
  <testcase name="loginApp" time="15.875" classname="datadriven.DDF2"/>
  <testcase name="loginApp" time="15.699" classname="datadriven.DDF2"/>
</testsuite> <!-- datadriven.DDF2 -->
